<?xml version="1.0" encoding="UTF-8"?>
<robot generator="Robot 4.0.3 (Python 3.9.5 on win32)" generated="20210620 13:47:02.468" rpa="false" schemaversion="2">
<suite id="s1" name="Mobileautomation" source="C:\Users\felip\OneDrive\Área de Trabalho\Daniel Adiq\Cursos\Curso Prime Expert - Automação de Testes\tests\mobileautomation.robot">
<test id="s1-t1" name="Caso de teste 02: Logar no YouTube">
<kw name="Abrir o aplicativo" library="kws_mobileautomation">
<kw name="Open Application" library="AppiumLibrary">
<arg>http://localhost:4723/wd/hub</arg>
<arg>automationName=UiAutomator2</arg>
<arg>platformName=Android</arg>
<arg>deviceName=HCAZB600X201EEX</arg>
<arg>autoGrantPermissions=true</arg>
<arg>appPackage=com.google.android.youtube</arg>
<arg>appActivity=com.google.android.youtube.HomeActivity</arg>
<doc>Opens a new application to given Appium server.
Capabilities of appium server, Android and iOS,
Please check https://github.com/appium/appium/blob/master/docs/en/writing-running-appium/server-args.md
| *Option*            | *Man.* | *Description*     |
| remote_url          | Yes    | Appium server url |
| alias               | no     | alias             |</doc>
<status status="PASS" starttime="20210620 13:47:02.859" endtime="20210620 13:47:31.539"/>
</kw>
<status status="PASS" starttime="20210620 13:47:02.858" endtime="20210620 13:47:31.539"/>
</kw>
<kw name="Logar no aplicativo com a conta x" library="kws_mobileautomation">
<kw name="Click Element" library="AppiumLibrary">
<arg>accessibility_id=Conta</arg>
<doc>Click element identified by `locator`.</doc>
<msg timestamp="20210620 13:47:31.545" level="INFO">Clicking element 'accessibility_id=Conta'.</msg>
<status status="PASS" starttime="20210620 13:47:31.540" endtime="20210620 13:47:35.392"/>
</kw>
<kw name="Wait Until Element Is Visible" library="AppiumLibrary">
<arg>id=com.google.android.youtube:id/button</arg>
<doc>Waits until element specified with `locator` is visible.</doc>
<status status="PASS" starttime="20210620 13:47:35.393" endtime="20210620 13:47:36.430"/>
</kw>
<kw name="Click Element" library="AppiumLibrary">
<arg>id=com.google.android.youtube:id/button</arg>
<doc>Click element identified by `locator`.</doc>
<msg timestamp="20210620 13:47:36.431" level="INFO">Clicking element 'id=com.google.android.youtube:id/button'.</msg>
<status status="PASS" starttime="20210620 13:47:36.430" endtime="20210620 13:47:36.544"/>
</kw>
<kw name="Wait Until Element Is Visible" library="AppiumLibrary">
<arg>id=com.google.android.youtube:id/add_account</arg>
<doc>Waits until element specified with `locator` is visible.</doc>
<status status="PASS" starttime="20210620 13:47:36.544" endtime="20210620 13:47:37.774"/>
</kw>
<kw name="Click Element" library="AppiumLibrary">
<arg>id=com.google.android.youtube:id/add_account</arg>
<doc>Click element identified by `locator`.</doc>
<msg timestamp="20210620 13:47:37.785" level="INFO">Clicking element 'id=com.google.android.youtube:id/add_account'.</msg>
<status status="PASS" starttime="20210620 13:47:37.774" endtime="20210620 13:47:37.906"/>
</kw>
<kw name="Sleep" library="BuiltIn">
<arg>10</arg>
<doc>Pauses the test executed for the given time.</doc>
<msg timestamp="20210620 13:47:47.918" level="INFO">Slept 10 seconds</msg>
<status status="PASS" starttime="20210620 13:47:37.906" endtime="20210620 13:47:47.919"/>
</kw>
<kw name="Element Should Be Visible" library="AppiumLibrary">
<arg>id=headingText</arg>
<doc>Verifies that element identified with locator is visible.</doc>
<kw name="Capture Page Screenshot" library="AppiumLibrary">
<doc>Takes a screenshot of the current page and embeds it into the log.</doc>
<msg timestamp="20210620 13:47:50.307" level="INFO" html="true">&lt;/td&gt;&lt;/tr&gt;&lt;tr&gt;&lt;td colspan="3"&gt;&lt;a href="appium-screenshot-1.png"&gt;&lt;img src="appium-screenshot-1.png" width="800px"&gt;&lt;/a&gt;</msg>
<status status="PASS" starttime="20210620 13:47:49.566" endtime="20210620 13:47:50.307"/>
</kw>
<msg timestamp="20210620 13:47:50.322" level="FAIL">ValueError: Element locator 'id=headingText' did not match any elements.</msg>
<status status="FAIL" starttime="20210620 13:47:47.919" endtime="20210620 13:47:50.323"/>
</kw>
<kw name="Input Text" library="AppiumLibrary">
<arg>elementId=a631b9c1-bc85-44f2-99eb-e4e6ad655c0e</arg>
<arg>${EMAIL}</arg>
<doc>Types the given `text` into text field identified by `locator`.</doc>
<status status="NOT RUN" starttime="20210620 13:47:50.323" endtime="20210620 13:47:50.323"/>
</kw>
<kw name="Click Element" library="AppiumLibrary">
<arg>xpath=/hierarchy/android.widget.FrameLayout/android.widget.LinearLayout/android.widget.FrameLayout/android.widget.FrameLayout/android.widget.FrameLayout/android.widget.FrameLayout/android.widget.FrameLayout/android.widget.LinearLayout/android.widget.FrameLayout/android.webkit.WebView/android.webkit.WebView/android.view.View/android.view.View[4]/android.view.View/android.widget.Button</arg>
<doc>Click element identified by `locator`.</doc>
<status status="NOT RUN" starttime="20210620 13:47:50.323" endtime="20210620 13:47:50.323"/>
</kw>
<status status="FAIL" starttime="20210620 13:47:31.540" endtime="20210620 13:47:50.323"/>
</kw>
<kw name="Entrar no menu Explorar" library="kws_mobileautomation">
<status status="NOT RUN" starttime="20210620 13:47:50.323" endtime="20210620 13:47:50.323"/>
</kw>
<kw name="Usar o Swipe de tela até o 10º item da tela" library="kws_mobileautomation">
<status status="NOT RUN" starttime="20210620 13:47:50.323" endtime="20210620 13:47:50.327"/>
</kw>
<kw name="Clicar no video" library="kws_mobileautomation">
<status status="NOT RUN" starttime="20210620 13:47:50.327" endtime="20210620 13:47:50.327"/>
</kw>
<tag>DESAFIO1</tag>
<status status="FAIL" starttime="20210620 13:47:02.858" endtime="20210620 13:47:50.327">ValueError: Element locator 'id=headingText' did not match any elements.</status>
</test>
<doc>Aqui estarão todos os testes mobile do curso.</doc>
<status status="FAIL" starttime="20210620 13:47:02.470" endtime="20210620 13:47:50.332"/>
</suite>
<statistics>
<total>
<stat pass="0" fail="1" skip="0">All Tests</stat>
</total>
<tag>
<stat pass="0" fail="1" skip="0">DESAFIO1</stat>
</tag>
<suite>
<stat pass="0" fail="1" skip="0" id="s1" name="Mobileautomation">Mobileautomation</stat>
</suite>
</statistics>
<errors>
<msg timestamp="20210620 13:47:02.502" level="ERROR">Error in file 'C:\Users\felip\OneDrive\Área de Trabalho\Daniel Adiq\Cursos\Curso Prime Expert - Automação de Testes\Resources\keywords\kws_mobileautomation.robot' on line 4: Setting 'Test Setup' is not allowed in resource file.</msg>
<msg timestamp="20210620 13:47:02.515" level="ERROR">Error in file 'C:\Users\felip\OneDrive\Área de Trabalho\Daniel Adiq\Cursos\Curso Prime Expert - Automação de Testes\Resources\keywords\kws_mobileautomation.robot' on line 5: Non-existing setting 'Task Teardown'.</msg>
<msg timestamp="20210620 13:47:02.519" level="ERROR">Error in resource file 'C:\Users\felip\OneDrive\Área de Trabalho\Daniel Adiq\Cursos\Curso Prime Expert - Automação de Testes\Resources\keywords\kws_mobileautomation.robot': Creating keyword 'Usar o Swipe de tela até o 10º item da tela' failed: Keyword with same name defined multiple times.</msg>
<msg timestamp="20210620 13:47:02.521" level="ERROR">Error in resource file 'C:\Users\felip\OneDrive\Área de Trabalho\Daniel Adiq\Cursos\Curso Prime Expert - Automação de Testes\Resources\keywords\kws_mobileautomation.robot': Creating keyword 'Clicar no video' failed: Keyword with same name defined multiple times.</msg>
<msg timestamp="20210620 13:47:02.523" level="ERROR">Error in resource file 'C:\Users\felip\OneDrive\Área de Trabalho\Daniel Adiq\Cursos\Curso Prime Expert - Automação de Testes\Resources\keywords\kws_mobileautomation.robot': Creating keyword 'Usar o Swipe de tela até o 10º item da tela' failed: Keyword with same name defined multiple times.</msg>
<msg timestamp="20210620 13:47:02.524" level="ERROR">Error in resource file 'C:\Users\felip\OneDrive\Área de Trabalho\Daniel Adiq\Cursos\Curso Prime Expert - Automação de Testes\Resources\keywords\kws_mobileautomation.robot': Creating keyword 'Clicar no video' failed: Keyword with same name defined multiple times.</msg>
</errors>
</robot>
