<?xml version="1.0" encoding="UTF-8"?>
<robot generator="Robot 4.0.3 (Python 3.9.5 on win32)" generated="20210620 15:26:38.049" rpa="false" schemaversion="2">
<suite id="s1" name="Mobileautomation" source="C:\Users\felip\OneDrive\Área de Trabalho\Daniel Adiq\Cursos\Curso Prime Expert - Automação de Testes\tests\mobileautomation.robot">
<test id="s1-t1" name="Caso de teste 02: Logar no YouTube">
<kw name="Abrir o aplicativo" library="kws_mobileautomation">
<kw name="Open Application" library="AppiumLibrary">
<arg>http://localhost:4723/wd/hub</arg>
<arg>automationName=UiAutomator2</arg>
<arg>platformName=Android</arg>
<arg>deviceName=HCAZB600X201EEX</arg>
<arg>autoGrantPermissions=true</arg>
<arg>appPackage=com.google.android.youtube</arg>
<arg>appActivity=com.google.android.youtube.HomeActivity</arg>
<doc>Opens a new application to given Appium server.
Capabilities of appium server, Android and iOS,
Please check https://github.com/appium/appium/blob/master/docs/en/writing-running-appium/server-args.md
| *Option*            | *Man.* | *Description*     |
| remote_url          | Yes    | Appium server url |
| alias               | no     | alias             |</doc>
<status status="PASS" starttime="20210620 15:26:38.442" endtime="20210620 15:27:05.723"/>
</kw>
<status status="PASS" starttime="20210620 15:26:38.441" endtime="20210620 15:27:05.723"/>
</kw>
<kw name="Logar no aplicativo com a conta x" library="kws_mobileautomation">
<kw name="Click Element" library="AppiumLibrary">
<arg>accessibility_id=Conta</arg>
<doc>Click element identified by `locator`.</doc>
<msg timestamp="20210620 15:27:05.729" level="INFO">Clicking element 'accessibility_id=Conta'.</msg>
<status status="PASS" starttime="20210620 15:27:05.729" endtime="20210620 15:27:08.187"/>
</kw>
<kw name="Wait Until Element Is Visible" library="AppiumLibrary">
<arg>id=com.google.android.youtube:id/button</arg>
<doc>Waits until element specified with `locator` is visible.</doc>
<status status="PASS" starttime="20210620 15:27:08.195" endtime="20210620 15:27:09.052"/>
</kw>
<kw name="Click Element" library="AppiumLibrary">
<arg>id=com.google.android.youtube:id/button</arg>
<doc>Click element identified by `locator`.</doc>
<msg timestamp="20210620 15:27:09.056" level="INFO">Clicking element 'id=com.google.android.youtube:id/button'.</msg>
<status status="PASS" starttime="20210620 15:27:09.052" endtime="20210620 15:27:09.148"/>
</kw>
<kw name="Wait Until Element Is Visible" library="AppiumLibrary">
<arg>id=com.google.android.youtube:id/add_account</arg>
<doc>Waits until element specified with `locator` is visible.</doc>
<status status="PASS" starttime="20210620 15:27:09.148" endtime="20210620 15:27:10.360"/>
</kw>
<kw name="Click Element" library="AppiumLibrary">
<arg>id=com.google.android.youtube:id/add_account</arg>
<doc>Click element identified by `locator`.</doc>
<msg timestamp="20210620 15:27:10.363" level="INFO">Clicking element 'id=com.google.android.youtube:id/add_account'.</msg>
<status status="PASS" starttime="20210620 15:27:10.360" endtime="20210620 15:27:10.479"/>
</kw>
<kw name="Sleep" library="BuiltIn">
<arg>10</arg>
<doc>Pauses the test executed for the given time.</doc>
<msg timestamp="20210620 15:27:20.487" level="INFO">Slept 10 seconds</msg>
<status status="PASS" starttime="20210620 15:27:10.479" endtime="20210620 15:27:20.487"/>
</kw>
<kw name="Wait Until Element Is Visible" library="AppiumLibrary">
<arg>xpath=/hierarchy/android.widget.FrameLayout/android.widget.LinearLayout/android.widget.FrameLayout/android.widget.FrameLayout/android.widget.FrameLayout/android.widget.FrameLayout/android.widget.FrameLayout/android.widget.LinearLayout/android.widget.FrameLayout/android.webkit.WebView/android.webkit.WebView/android.view.View/android.view.View[3]/android.view.View/android.view.View[1]/android.view.View[1]/android.widget.EditText</arg>
<doc>Waits until element specified with `locator` is visible.</doc>
<status status="PASS" starttime="20210620 15:27:20.488" endtime="20210620 15:27:20.814"/>
</kw>
<kw name="Input Text" library="AppiumLibrary">
<arg>xpath=/hierarchy/android.widget.FrameLayout/android.widget.LinearLayout/android.widget.FrameLayout/android.widget.FrameLayout/android.widget.FrameLayout/android.widget.FrameLayout/android.widget.FrameLayout/android.widget.LinearLayout/android.widget.FrameLayout/android.webkit.WebView/android.webkit.WebView/android.view.View/android.view.View[3]/android.view.View/android.view.View[1]/android.view.View[1]/android.widget.EditText</arg>
<arg>${EMAIL}</arg>
<doc>Types the given `text` into text field identified by `locator`.</doc>
<msg timestamp="20210620 15:27:20.814" level="INFO">Typing text 'testesoftware1619@gmail.com' into text field 'xpath=/hierarchy/android.widget.FrameLayout/android.widget.LinearLayout/android.widget.FrameLayout/android.widget.FrameLayout/android.widget.FrameLayout/android.widget.FrameLayout/android.widget.FrameLayout/android.widget.LinearLayout/android.widget.FrameLayout/android.webkit.WebView/android.webkit.WebView/android.view.View/android.view.View[3]/android.view.View/android.view.View[1]/android.view.View[1]/android.widget.EditText'</msg>
<status status="PASS" starttime="20210620 15:27:20.814" endtime="20210620 15:27:21.018"/>
</kw>
<kw name="Click Element" library="AppiumLibrary">
<arg>xpath=/hierarchy/android.widget.FrameLayout/android.widget.LinearLayout/android.widget.FrameLayout/android.widget.FrameLayout/android.widget.FrameLayout/android.widget.FrameLayout/android.widget.FrameLayout/android.widget.LinearLayout/android.widget.FrameLayout/android.webkit.WebView/android.webkit.WebView/android.view.View/android.view.View[4]/android.view.View/android.widget.Button</arg>
<doc>Click element identified by `locator`.</doc>
<msg timestamp="20210620 15:27:21.018" level="INFO">Clicking element 'xpath=/hierarchy/android.widget.FrameLayout/android.widget.LinearLayout/android.widget.FrameLayout/android.widget.FrameLayout/android.widget.FrameLayout/android.widget.FrameLayout/android.widget.FrameLayout/android.widget.LinearLayout/android.widget.FrameLayout/android.webkit.WebView/android.webkit.WebView/android.view.View/android.view.View[4]/android.view.View/android.widget.Button'.</msg>
<status status="PASS" starttime="20210620 15:27:21.018" endtime="20210620 15:27:21.678"/>
</kw>
<kw name="Wait Until Element Is Visible" library="AppiumLibrary">
<arg>xpath=/hierarchy/android.widget.FrameLayout/android.widget.LinearLayout/android.widget.FrameLayout/android.widget.FrameLayout/android.widget.FrameLayout/android.widget.FrameLayout/android.widget.FrameLayout/android.widget.LinearLayout/android.widget.FrameLayout/android.webkit.WebView/android.webkit.WebView/android.view.View/android.view.View[2]/android.view.View</arg>
<doc>Waits until element specified with `locator` is visible.</doc>
<status status="PASS" starttime="20210620 15:27:21.678" endtime="20210620 15:27:24.920"/>
</kw>
<kw name="Input Text" library="AppiumLibrary">
<arg>xpath=/hierarchy/android.widget.FrameLayout/android.widget.LinearLayout/android.widget.FrameLayout/android.widget.FrameLayout/android.widget.FrameLayout/android.widget.FrameLayout/android.widget.FrameLayout/android.widget.LinearLayout/android.widget.FrameLayout/android.webkit.WebView/android.webkit.WebView/android.view.View/android.view.View[3]/android.view.View/android.view.View[1]/android.view.View/android.view.View/android.view.View[1]/android.widget.EditText</arg>
<arg>${SENHA}</arg>
<doc>Types the given `text` into text field identified by `locator`.</doc>
<msg timestamp="20210620 15:27:24.928" level="INFO">Typing text 'teste@123' into text field 'xpath=/hierarchy/android.widget.FrameLayout/android.widget.LinearLayout/android.widget.FrameLayout/android.widget.FrameLayout/android.widget.FrameLayout/android.widget.FrameLayout/android.widget.FrameLayout/android.widget.LinearLayout/android.widget.FrameLayout/android.webkit.WebView/android.webkit.WebView/android.view.View/android.view.View[3]/android.view.View/android.view.View[1]/android.view.View/android.view.View/android.view.View[1]/android.widget.EditText'</msg>
<status status="PASS" starttime="20210620 15:27:24.920" endtime="20210620 15:27:25.154"/>
</kw>
<kw name="Click Element" library="AppiumLibrary">
<arg>xpath=/hierarchy/android.widget.FrameLayout/android.widget.LinearLayout/android.widget.FrameLayout/android.widget.FrameLayout/android.widget.FrameLayout/android.widget.FrameLayout/android.widget.FrameLayout/android.widget.LinearLayout/android.widget.FrameLayout/android.webkit.WebView/android.webkit.WebView</arg>
<doc>Click element identified by `locator`.</doc>
<msg timestamp="20210620 15:27:25.154" level="INFO">Clicking element 'xpath=/hierarchy/android.widget.FrameLayout/android.widget.LinearLayout/android.widget.FrameLayout/android.widget.FrameLayout/android.widget.FrameLayout/android.widget.FrameLayout/android.widget.FrameLayout/android.widget.LinearLayout/android.widget.FrameLayout/android.webkit.WebView/android.webkit.WebView'.</msg>
<status status="PASS" starttime="20210620 15:27:25.154" endtime="20210620 15:27:25.807"/>
</kw>
<kw name="Click Button" library="AppiumLibrary">
<arg>xpath=//*[@id="passwordNext"]/div/button</arg>
<doc>Click button</doc>
<kw name="Capture Page Screenshot" library="AppiumLibrary">
<doc>Takes a screenshot of the current page and embeds it into the log.</doc>
<msg timestamp="20210620 15:27:26.548" level="INFO" html="true">&lt;/td&gt;&lt;/tr&gt;&lt;tr&gt;&lt;td colspan="3"&gt;&lt;a href="appium-screenshot-1.png"&gt;&lt;img src="appium-screenshot-1.png" width="800px"&gt;&lt;/a&gt;</msg>
<status status="PASS" starttime="20210620 15:27:25.927" endtime="20210620 15:27:26.548"/>
</kw>
<msg timestamp="20210620 15:27:26.552" level="FAIL">TypeError: exceptions must derive from BaseException</msg>
<status status="FAIL" starttime="20210620 15:27:25.811" endtime="20210620 15:27:26.552"/>
</kw>
<status status="FAIL" starttime="20210620 15:27:05.728" endtime="20210620 15:27:26.552"/>
</kw>
<kw name="Entrar no menu Explorar" library="kws_mobileautomation">
<status status="NOT RUN" starttime="20210620 15:27:26.556" endtime="20210620 15:27:26.556"/>
</kw>
<kw name="Usar o Swipe de tela até o 10º item da tela" library="kws_mobileautomation">
<status status="NOT RUN" starttime="20210620 15:27:26.556" endtime="20210620 15:27:26.556"/>
</kw>
<kw name="Clicar no video" library="kws_mobileautomation">
<status status="NOT RUN" starttime="20210620 15:27:26.556" endtime="20210620 15:27:26.556"/>
</kw>
<tag>DESAFIO1</tag>
<status status="FAIL" starttime="20210620 15:26:38.440" endtime="20210620 15:27:26.556">TypeError: exceptions must derive from BaseException</status>
</test>
<doc>Aqui estarão todos os testes mobile do curso.</doc>
<status status="FAIL" starttime="20210620 15:26:38.052" endtime="20210620 15:27:26.561"/>
</suite>
<statistics>
<total>
<stat pass="0" fail="1" skip="0">All Tests</stat>
</total>
<tag>
<stat pass="0" fail="1" skip="0">DESAFIO1</stat>
</tag>
<suite>
<stat pass="0" fail="1" skip="0" id="s1" name="Mobileautomation">Mobileautomation</stat>
</suite>
</statistics>
<errors>
<msg timestamp="20210620 15:26:38.093" level="ERROR">Error in file 'C:\Users\felip\OneDrive\Área de Trabalho\Daniel Adiq\Cursos\Curso Prime Expert - Automação de Testes\Resources\keywords\kws_mobileautomation.robot' on line 4: Setting 'Test Setup' is not allowed in resource file.</msg>
<msg timestamp="20210620 15:26:38.094" level="ERROR">Error in file 'C:\Users\felip\OneDrive\Área de Trabalho\Daniel Adiq\Cursos\Curso Prime Expert - Automação de Testes\Resources\keywords\kws_mobileautomation.robot' on line 5: Non-existing setting 'Task Teardown'.</msg>
<msg timestamp="20210620 15:26:38.097" level="ERROR">Error in resource file 'C:\Users\felip\OneDrive\Área de Trabalho\Daniel Adiq\Cursos\Curso Prime Expert - Automação de Testes\Resources\keywords\kws_mobileautomation.robot': Creating keyword 'Usar o Swipe de tela até o 10º item da tela' failed: Keyword with same name defined multiple times.</msg>
<msg timestamp="20210620 15:26:38.099" level="ERROR">Error in resource file 'C:\Users\felip\OneDrive\Área de Trabalho\Daniel Adiq\Cursos\Curso Prime Expert - Automação de Testes\Resources\keywords\kws_mobileautomation.robot': Creating keyword 'Clicar no video' failed: Keyword with same name defined multiple times.</msg>
<msg timestamp="20210620 15:26:38.100" level="ERROR">Error in resource file 'C:\Users\felip\OneDrive\Área de Trabalho\Daniel Adiq\Cursos\Curso Prime Expert - Automação de Testes\Resources\keywords\kws_mobileautomation.robot': Creating keyword 'Usar o Swipe de tela até o 10º item da tela' failed: Keyword with same name defined multiple times.</msg>
<msg timestamp="20210620 15:26:38.102" level="ERROR">Error in resource file 'C:\Users\felip\OneDrive\Área de Trabalho\Daniel Adiq\Cursos\Curso Prime Expert - Automação de Testes\Resources\keywords\kws_mobileautomation.robot': Creating keyword 'Clicar no video' failed: Keyword with same name defined multiple times.</msg>
</errors>
</robot>
